{"C:\\Users\\antho\\Desktop\\GitHub Desktop\\calculadora_funcional\\functionalCalculator.js": {"path":"C:\\Users\\antho\\Desktop\\GitHub Desktop\\calculadora_funcional\\functionalCalculator.js","all":false,"statementMap":{"0":{"start":{"line":1,"column":0},"end":{"line":1,"column":0}},"1":{"start":{"line":2,"column":0},"end":{"line":2,"column":65}},"2":{"start":{"line":3,"column":0},"end":{"line":3,"column":25}},"3":{"start":{"line":4,"column":0},"end":{"line":4,"column":43}},"4":{"start":{"line":5,"column":0},"end":{"line":5,"column":0}},"5":{"start":{"line":6,"column":0},"end":{"line":6,"column":26}},"6":{"start":{"line":7,"column":0},"end":{"line":7,"column":43}},"7":{"start":{"line":8,"column":0},"end":{"line":8,"column":0}},"8":{"start":{"line":9,"column":0},"end":{"line":9,"column":78}},"9":{"start":{"line":10,"column":0},"end":{"line":10,"column":0}},"10":{"start":{"line":11,"column":0},"end":{"line":11,"column":114}},"11":{"start":{"line":12,"column":0},"end":{"line":12,"column":0}},"12":{"start":{"line":13,"column":0},"end":{"line":13,"column":30}},"13":{"start":{"line":14,"column":0},"end":{"line":14,"column":31}},"14":{"start":{"line":15,"column":0},"end":{"line":15,"column":0}},"15":{"start":{"line":16,"column":0},"end":{"line":16,"column":28}},"16":{"start":{"line":17,"column":0},"end":{"line":17,"column":0}},"17":{"start":{"line":18,"column":0},"end":{"line":18,"column":76}},"18":{"start":{"line":19,"column":0},"end":{"line":19,"column":0}},"19":{"start":{"line":20,"column":0},"end":{"line":20,"column":25}},"20":{"start":{"line":21,"column":0},"end":{"line":21,"column":28}},"21":{"start":{"line":22,"column":0},"end":{"line":22,"column":45}},"22":{"start":{"line":23,"column":0},"end":{"line":23,"column":58}},"23":{"start":{"line":24,"column":0},"end":{"line":24,"column":0}},"24":{"start":{"line":25,"column":0},"end":{"line":25,"column":58}}},"s":{"0":1,"1":1,"2":1,"3":1,"4":1,"5":1,"6":1,"7":1,"8":1,"9":1,"10":1,"11":1,"12":1,"13":1,"14":1,"15":1,"16":1,"17":1,"18":1,"19":1,"20":1,"21":1,"22":1,"23":1,"24":1},"branchMap":{"0":{"type":"branch","line":3,"loc":{"start":{"line":3,"column":13},"end":{"line":3,"column":6}},"locations":[{"start":{"line":3,"column":13},"end":{"line":3,"column":6}}]},"1":{"type":"branch","line":4,"loc":{"start":{"line":4,"column":17},"end":{"line":4,"column":18}},"locations":[{"start":{"line":4,"column":17},"end":{"line":4,"column":18}}]},"2":{"type":"branch","line":6,"loc":{"start":{"line":6,"column":14},"end":{"line":6,"column":6}},"locations":[{"start":{"line":6,"column":14},"end":{"line":6,"column":6}}]},"3":{"type":"branch","line":7,"loc":{"start":{"line":7,"column":17},"end":{"line":7,"column":18}},"locations":[{"start":{"line":7,"column":17},"end":{"line":7,"column":18}}]},"4":{"type":"branch","line":13,"loc":{"start":{"line":13,"column":14},"end":{"line":13,"column":6}},"locations":[{"start":{"line":13,"column":14},"end":{"line":13,"column":6}}]},"5":{"type":"branch","line":14,"loc":{"start":{"line":14,"column":15},"end":{"line":14,"column":6}},"locations":[{"start":{"line":14,"column":15},"end":{"line":14,"column":6}}]},"6":{"type":"branch","line":18,"loc":{"start":{"line":18,"column":20},"end":{"line":18,"column":6}},"locations":[{"start":{"line":18,"column":20},"end":{"line":18,"column":6}}]},"7":{"type":"branch","line":18,"loc":{"start":{"line":18,"column":51},"end":{"line":18,"column":58}},"locations":[{"start":{"line":18,"column":51},"end":{"line":18,"column":58}}]},"8":{"type":"branch","line":20,"loc":{"start":{"line":20,"column":16},"end":{"line":20,"column":6}},"locations":[{"start":{"line":20,"column":16},"end":{"line":20,"column":6}}]},"9":{"type":"branch","line":21,"loc":{"start":{"line":21,"column":2},"end":{"line":21,"column":28}},"locations":[{"start":{"line":21,"column":2},"end":{"line":21,"column":28}}]},"10":{"type":"branch","line":21,"loc":{"start":{"line":21,"column":2},"end":{"line":22,"column":8}},"locations":[{"start":{"line":21,"column":2},"end":{"line":22,"column":8}}]},"11":{"type":"branch","line":22,"loc":{"start":{"line":22,"column":32},"end":{"line":22,"column":33}},"locations":[{"start":{"line":22,"column":32},"end":{"line":22,"column":33}}]},"12":{"type":"branch","line":23,"loc":{"start":{"line":23,"column":6},"end":{"line":23,"column":39}},"locations":[{"start":{"line":23,"column":6},"end":{"line":23,"column":39}}]},"13":{"type":"branch","line":23,"loc":{"start":{"line":23,"column":6},"end":{"line":23,"column":54}},"locations":[{"start":{"line":23,"column":6},"end":{"line":23,"column":54}}]}},"b":{"0":[1],"1":[1],"2":[1],"3":[1],"4":[42],"5":[1],"6":[9],"7":[36],"8":[2],"9":[1],"10":[1],"11":[8],"12":[5],"13":[3]},"fnMap":{"0":{"name":"suma","decl":{"start":{"line":3,"column":13},"end":{"line":3,"column":6}},"loc":{"start":{"line":3,"column":13},"end":{"line":3,"column":6}},"line":3},"1":{"name":"resta","decl":{"start":{"line":6,"column":14},"end":{"line":6,"column":6}},"loc":{"start":{"line":6,"column":14},"end":{"line":6,"column":6}},"line":6},"2":{"name":"sumar","decl":{"start":{"line":13,"column":14},"end":{"line":13,"column":6}},"loc":{"start":{"line":13,"column":14},"end":{"line":13,"column":6}},"line":13},"3":{"name":"restar","decl":{"start":{"line":14,"column":15},"end":{"line":14,"column":6}},"loc":{"start":{"line":14,"column":15},"end":{"line":14,"column":6}},"line":14},"4":{"name":"multiplicar","decl":{"start":{"line":18,"column":20},"end":{"line":18,"column":6}},"loc":{"start":{"line":18,"column":20},"end":{"line":18,"column":6}},"line":18},"5":{"name":"dividir","decl":{"start":{"line":20,"column":16},"end":{"line":20,"column":6}},"loc":{"start":{"line":20,"column":16},"end":{"line":20,"column":6}},"line":20}},"f":{"0":1,"1":1,"2":42,"3":1,"4":9,"5":2}}
}
