TN:
SF:functionalCalculator.js
FN:3,suma
FN:6,resta
FN:13,sumar
FN:14,restar
FN:18,multiplicar
FN:20,dividir
FNF:6
FNH:6
FNDA:1,suma
FNDA:1,resta
FNDA:42,sumar
FNDA:1,restar
FNDA:9,multiplicar
FNDA:2,dividir
DA:1,1
DA:2,1
DA:3,1
DA:4,1
DA:5,1
DA:6,1
DA:7,1
DA:8,1
DA:9,1
DA:10,1
DA:11,1
DA:12,1
DA:13,1
DA:14,1
DA:15,1
DA:16,1
DA:17,1
DA:18,1
DA:19,1
DA:20,1
DA:21,1
DA:22,1
DA:23,1
DA:24,1
DA:25,1
LF:25
LH:25
BRDA:3,0,0,1
BRDA:4,1,0,1
BRDA:6,2,0,1
BRDA:7,3,0,1
BRDA:13,4,0,42
BRDA:14,5,0,1
BRDA:18,6,0,9
BRDA:18,7,0,36
BRDA:20,8,0,2
BRDA:21,9,0,1
BRDA:21,10,0,1
BRDA:22,11,0,8
BRDA:23,12,0,5
BRDA:23,13,0,3
BRF:14
BRH:14
end_of_record
